[debug] [2021-03-29T17:27:25.755Z] ----------------------------------------------------------------------
[debug] [2021-03-29T17:27:25.757Z] Command:       C:\Program Files\nodejs\node.exe C:\Users\Ching Zheng Ing\AppData\Roaming\npm\node_modules\firebase-tools\lib\bin\firebase.js init
[debug] [2021-03-29T17:27:25.757Z] CLI Version:   9.8.0
[debug] [2021-03-29T17:27:25.757Z] Platform:      win32
[debug] [2021-03-29T17:27:25.757Z] Node Version:  v12.17.0
[debug] [2021-03-29T17:27:25.758Z] Time:          Tue Mar 30 2021 01:27:25 GMT+0800 (Singapore Standard Time)
[debug] [2021-03-29T17:27:25.758Z] ----------------------------------------------------------------------
[debug] 
[debug] [2021-03-29T17:27:25.760Z] >>> [apiv2][query] GET https://firebase-public.firebaseio.com/cli.json [none]
[debug] [2021-03-29T17:27:25.771Z] > command requires scopes: ["email","openid","https://www.googleapis.com/auth/cloudplatformprojects.readonly","https://www.googleapis.com/auth/firebase","https://www.googleapis.com/auth/cloud-platform"]
[debug] [2021-03-29T17:27:25.771Z] > authorizing via signed-in user
[info] 
     ######## #### ########  ######## ########     ###     ######  ########
     ##        ##  ##     ## ##       ##     ##  ##   ##  ##       ##
     ######    ##  ########  ######   ########  #########  ######  ######
     ##        ##  ##    ##  ##       ##     ## ##     ##       ## ##
     ##       #### ##     ## ######## ########  ##     ##  ######  ########

You're about to initialize a Firebase project in this directory:

  C:\Users\Ching Zheng Ing\Desktop\zi nus\Y2S2\BT3103\unisos_1\unisos_0

[debug] [2021-03-29T17:27:27.469Z] <<< [apiv2][status] GET https://firebase-public.firebaseio.com/cli.json 200
[debug] [2021-03-29T17:27:27.470Z] <<< [apiv2][body] GET https://firebase-public.firebaseio.com/cli.json {"cloudBuildErrorAfter":1594252800000,"cloudBuildWarnAfter":1590019200000,"defaultNode10After":1594252800000,"minVersion":"3.0.5","node8DeploysDisabledAfter":1613390400000,"node8RuntimeDisabledAfter":1615809600000,"node8WarnAfter":1600128000000}
